<?xml version="1.0" encoding="UTF-8"?>
<!-- Generated by org.testng.reporters.JUnitReportReporter -->
<testsuite hostname="DESKTOP-FVL7V1F" failures="0" tests="1" name="TestCases.OrangeHRM_TestSuit" time="8.876" errors="0" timestamp="2023-07-15T23:59:04 IST" skipped="0">
  <testcase classname="TestCases.OrangeHRM_TestSuit" name="checkOrangeHRM" time="8.876"/>
</testsuite> <!-- TestCases.OrangeHRM_TestSuit -->
