<?xml version="1.0" encoding="UTF-8"?>
<!-- Generated by org.testng.reporters.JUnitReportReporter -->
<testsuite hostname="DESKTOP-FVL7V1F" failures="0" tests="1" name="TestCases.OrangeHRM_TestSuit_2" time="29.610" errors="0" timestamp="2023-07-16T20:18:58 IST" skipped="0">
  <testcase classname="TestCases.OrangeHRM_TestSuit_2" name="CheckOrangeHM" time="29.610"/>
</testsuite> <!-- TestCases.OrangeHRM_TestSuit_2 -->
